
state 0
	$accept: .program $end 

	FUNC  shift 4
	.  error

	function  goto 3
	functionlist  goto 2
	program  goto 1

state 1
	$accept:  program.$end 

	$end  accept
	.  error


state 2
	program:  functionlist.    (1)
	functionlist:  functionlist.function 

	FUNC  shift 4
	.  reduce 1 (src line 48)

	function  goto 5

state 3
	functionlist:  function.    (2)

	.  reduce 2 (src line 52)


state 4
	function:  FUNC.IDENTIFIER '(' ')' '(' ')' closedstatements 

	IDENTIFIER  shift 6
	.  error


state 5
	functionlist:  functionlist function.    (3)

	.  reduce 3 (src line 54)


state 6
	function:  FUNC IDENTIFIER.'(' ')' '(' ')' closedstatements 

	'('  shift 7
	.  error


state 7
	function:  FUNC IDENTIFIER '('.')' '(' ')' closedstatements 

	')'  shift 8
	.  error


state 8
	function:  FUNC IDENTIFIER '(' ')'.'(' ')' closedstatements 

	'('  shift 9
	.  error


state 9
	function:  FUNC IDENTIFIER '(' ')' '('.')' closedstatements 

	')'  shift 10
	.  error


state 10
	function:  FUNC IDENTIFIER '(' ')' '(' ')'.closedstatements 

	'{'  shift 12
	.  error

	closedstatements  goto 11

state 11
	function:  FUNC IDENTIFIER '(' ')' '(' ')' closedstatements.    (16)

	.  reduce 16 (src line 81)


12: shift/reduce conflict (shift 22(0), red'n 11(0)) on INTEGER
12: shift/reduce conflict (shift 24(0), red'n 11(0)) on IDENTIFIER
12: shift/reduce conflict (shift 23(0), red'n 11(0)) on NUMBER
12: shift/reduce conflict (shift 27(0), red'n 11(0)) on WHILE
12: shift/reduce conflict (shift 28(0), red'n 11(0)) on IF
12: shift/reduce conflict (shift 25(2), red'n 11(0)) on '-'
12: shift/reduce conflict (shift 15(0), red'n 11(0)) on ';'
12: shift/reduce conflict (shift 12(0), red'n 11(0)) on '{'
12: shift/reduce conflict (shift 26(0), red'n 11(0)) on '('
state 12
	closedstatements:  '{'.statementlist '}' 
	statementlist: .    (11)

	INTEGER  shift 22
	IDENTIFIER  shift 24
	NUMBER  shift 23
	WHILE  shift 27
	IF  shift 28
	'-'  shift 25
	';'  shift 15
	'{'  shift 12
	'('  shift 26
	.  reduce 11 (src line 67)

	statement  goto 14
	statementlist  goto 13
	expression  goto 16
	while  goto 18
	if  goto 19
	closedstatements  goto 20
	identifier  goto 17
	functioncall  goto 21

state 13
	statementlist:  statementlist.statement 
	closedstatements:  '{' statementlist.'}' 

	INTEGER  shift 22
	IDENTIFIER  shift 24
	NUMBER  shift 23
	WHILE  shift 27
	IF  shift 28
	'-'  shift 25
	';'  shift 15
	'{'  shift 12
	'}'  shift 30
	'('  shift 26
	.  error

	statement  goto 29
	expression  goto 16
	while  goto 18
	if  goto 19
	closedstatements  goto 20
	identifier  goto 17
	functioncall  goto 21

state 14
	statementlist:  statement.    (12)

	.  reduce 12 (src line 69)


state 15
	statement:  ';'.    (4)

	.  reduce 4 (src line 57)


state 16
	statement:  expression.';' 
	expression:  expression.'+' expression 
	expression:  expression.'-' expression 
	expression:  expression.'*' expression 
	expression:  expression.'/' expression 

	'+'  shift 32
	'-'  shift 33
	'*'  shift 34
	'/'  shift 35
	';'  shift 31
	.  error


state 17
	statement:  identifier.    (6)

	.  reduce 6 (src line 60)


state 18
	statement:  while.    (7)

	.  reduce 7 (src line 61)


state 19
	statement:  if.    (8)

	.  reduce 8 (src line 62)


state 20
	statement:  closedstatements.    (9)

	.  reduce 9 (src line 63)


 21: reduce/reduce conflict  (red'ns 10 and 18) on INTEGER
 21: reduce/reduce conflict  (red'ns 10 and 18) on IDENTIFIER
 21: reduce/reduce conflict  (red'ns 10 and 18) on NUMBER
 21: reduce/reduce conflict  (red'ns 10 and 18) on WHILE
 21: reduce/reduce conflict  (red'ns 10 and 18) on IF
 21: reduce/reduce conflict  (red'ns 10 and 18) on '-'
 21: reduce/reduce conflict  (red'ns 10 and 18) on ';'
 21: reduce/reduce conflict  (red'ns 10 and 18) on '{'
 21: reduce/reduce conflict  (red'ns 10 and 18) on '}'
 21: reduce/reduce conflict  (red'ns 10 and 18) on '('
state 21
	statement:  functioncall.    (10)
	identifier:  functioncall.    (18)

	.  reduce 10 (src line 64)


state 22
	expression:  INTEGER.    (31)

	.  reduce 31 (src line 112)


state 23
	expression:  NUMBER.    (32)

	.  reduce 32 (src line 114)


state 24
	functioncall:  IDENTIFIER.'(' ')' ';' 
	identifier:  IDENTIFIER.ASSIGN expression ';' 
	expression:  IDENTIFIER.    (33)

	ASSIGN  shift 37
	'('  shift 36
	.  reduce 33 (src line 115)


state 25
	expression:  '-'.expression 

	INTEGER  shift 22
	IDENTIFIER  shift 39
	NUMBER  shift 23
	'-'  shift 25
	'('  shift 26
	.  error

	expression  goto 38

state 26
	expression:  '('.expression ')' 

	INTEGER  shift 22
	IDENTIFIER  shift 39
	NUMBER  shift 23
	'-'  shift 25
	'('  shift 26
	.  error

	expression  goto 40

state 27
	while:  WHILE.boolexpression closedstatements 

	INTEGER  shift 22
	IDENTIFIER  shift 39
	NUMBER  shift 23
	'-'  shift 25
	'('  shift 43
	.  error

	expression  goto 42
	boolexpression  goto 41

state 28
	if:  IF.boolexpression closedstatements else 

	INTEGER  shift 22
	IDENTIFIER  shift 39
	NUMBER  shift 23
	'-'  shift 25
	'('  shift 43
	.  error

	expression  goto 42
	boolexpression  goto 44

state 29
	statementlist:  statementlist statement.    (13)

	.  reduce 13 (src line 70)


state 30
	closedstatements:  '{' statementlist '}'.    (14)

	.  reduce 14 (src line 73)


state 31
	statement:  expression ';'.    (5)

	.  reduce 5 (src line 59)


state 32
	expression:  expression '+'.expression 

	INTEGER  shift 22
	IDENTIFIER  shift 39
	NUMBER  shift 23
	'-'  shift 25
	'('  shift 26
	.  error

	expression  goto 45

state 33
	expression:  expression '-'.expression 

	INTEGER  shift 22
	IDENTIFIER  shift 39
	NUMBER  shift 23
	'-'  shift 25
	'('  shift 26
	.  error

	expression  goto 46

state 34
	expression:  expression '*'.expression 

	INTEGER  shift 22
	IDENTIFIER  shift 39
	NUMBER  shift 23
	'-'  shift 25
	'('  shift 26
	.  error

	expression  goto 47

state 35
	expression:  expression '/'.expression 

	INTEGER  shift 22
	IDENTIFIER  shift 39
	NUMBER  shift 23
	'-'  shift 25
	'('  shift 26
	.  error

	expression  goto 48

state 36
	functioncall:  IDENTIFIER '('.')' ';' 

	')'  shift 49
	.  error


state 37
	identifier:  IDENTIFIER ASSIGN.expression ';' 

	INTEGER  shift 22
	IDENTIFIER  shift 39
	NUMBER  shift 23
	'-'  shift 25
	'('  shift 26
	.  error

	expression  goto 50

state 38
	expression:  '-' expression.    (34)
	expression:  expression.'+' expression 
	expression:  expression.'-' expression 
	expression:  expression.'*' expression 
	expression:  expression.'/' expression 

	.  reduce 34 (src line 116)


state 39
	expression:  IDENTIFIER.    (33)

	.  reduce 33 (src line 115)


state 40
	expression:  expression.'+' expression 
	expression:  expression.'-' expression 
	expression:  expression.'*' expression 
	expression:  expression.'/' expression 
	expression:  '(' expression.')' 

	'+'  shift 32
	'-'  shift 33
	'*'  shift 34
	'/'  shift 35
	')'  shift 51
	.  error


state 41
	while:  WHILE boolexpression.closedstatements 

	'{'  shift 12
	.  error

	closedstatements  goto 52

state 42
	boolexpression:  expression.LT expression 
	boolexpression:  expression.GT expression 
	boolexpression:  expression.LE expression 
	boolexpression:  expression.GE expression 
	boolexpression:  expression.NE expression 
	boolexpression:  expression.EQ expression 
	expression:  expression.'+' expression 
	expression:  expression.'-' expression 
	expression:  expression.'*' expression 
	expression:  expression.'/' expression 

	LE  shift 55
	GE  shift 56
	NE  shift 57
	EQ  shift 58
	LT  shift 53
	GT  shift 54
	'+'  shift 32
	'-'  shift 33
	'*'  shift 34
	'/'  shift 35
	.  error


state 43
	boolexpression:  '('.boolexpression ')' 
	expression:  '('.expression ')' 

	INTEGER  shift 22
	IDENTIFIER  shift 39
	NUMBER  shift 23
	'-'  shift 25
	'('  shift 43
	.  error

	expression  goto 60
	boolexpression  goto 59

state 44
	if:  IF boolexpression.closedstatements else 

	'{'  shift 12
	.  error

	closedstatements  goto 61

state 45
	expression:  expression.'+' expression 
	expression:  expression '+' expression.    (35)
	expression:  expression.'-' expression 
	expression:  expression.'*' expression 
	expression:  expression.'/' expression 

	'*'  shift 34
	'/'  shift 35
	.  reduce 35 (src line 117)


state 46
	expression:  expression.'+' expression 
	expression:  expression.'-' expression 
	expression:  expression '-' expression.    (36)
	expression:  expression.'*' expression 
	expression:  expression.'/' expression 

	'*'  shift 34
	'/'  shift 35
	.  reduce 36 (src line 118)


state 47
	expression:  expression.'+' expression 
	expression:  expression.'-' expression 
	expression:  expression.'*' expression 
	expression:  expression '*' expression.    (37)
	expression:  expression.'/' expression 

	.  reduce 37 (src line 119)


state 48
	expression:  expression.'+' expression 
	expression:  expression.'-' expression 
	expression:  expression.'*' expression 
	expression:  expression.'/' expression 
	expression:  expression '/' expression.    (38)

	.  reduce 38 (src line 120)


state 49
	functioncall:  IDENTIFIER '(' ')'.';' 

	';'  shift 62
	.  error


state 50
	identifier:  IDENTIFIER ASSIGN expression.';' 
	expression:  expression.'+' expression 
	expression:  expression.'-' expression 
	expression:  expression.'*' expression 
	expression:  expression.'/' expression 

	'+'  shift 32
	'-'  shift 33
	'*'  shift 34
	'/'  shift 35
	';'  shift 63
	.  error


state 51
	expression:  '(' expression ')'.    (39)

	.  reduce 39 (src line 121)


state 52
	while:  WHILE boolexpression closedstatements.    (19)

	.  reduce 19 (src line 90)


state 53
	boolexpression:  expression LT.expression 

	INTEGER  shift 22
	IDENTIFIER  shift 39
	NUMBER  shift 23
	'-'  shift 25
	'('  shift 26
	.  error

	expression  goto 64

state 54
	boolexpression:  expression GT.expression 

	INTEGER  shift 22
	IDENTIFIER  shift 39
	NUMBER  shift 23
	'-'  shift 25
	'('  shift 26
	.  error

	expression  goto 65

state 55
	boolexpression:  expression LE.expression 

	INTEGER  shift 22
	IDENTIFIER  shift 39
	NUMBER  shift 23
	'-'  shift 25
	'('  shift 26
	.  error

	expression  goto 66

state 56
	boolexpression:  expression GE.expression 

	INTEGER  shift 22
	IDENTIFIER  shift 39
	NUMBER  shift 23
	'-'  shift 25
	'('  shift 26
	.  error

	expression  goto 67

state 57
	boolexpression:  expression NE.expression 

	INTEGER  shift 22
	IDENTIFIER  shift 39
	NUMBER  shift 23
	'-'  shift 25
	'('  shift 26
	.  error

	expression  goto 68

state 58
	boolexpression:  expression EQ.expression 

	INTEGER  shift 22
	IDENTIFIER  shift 39
	NUMBER  shift 23
	'-'  shift 25
	'('  shift 26
	.  error

	expression  goto 69

state 59
	boolexpression:  '(' boolexpression.')' 

	')'  shift 70
	.  error


state 60
	boolexpression:  expression.LT expression 
	boolexpression:  expression.GT expression 
	boolexpression:  expression.LE expression 
	boolexpression:  expression.GE expression 
	boolexpression:  expression.NE expression 
	boolexpression:  expression.EQ expression 
	expression:  expression.'+' expression 
	expression:  expression.'-' expression 
	expression:  expression.'*' expression 
	expression:  expression.'/' expression 
	expression:  '(' expression.')' 

	LE  shift 55
	GE  shift 56
	NE  shift 57
	EQ  shift 58
	LT  shift 53
	GT  shift 54
	'+'  shift 32
	'-'  shift 33
	'*'  shift 34
	'/'  shift 35
	')'  shift 51
	.  error


state 61
	if:  IF boolexpression closedstatements.else 
	else: .    (21)

	ELSE  shift 72
	.  reduce 21 (src line 97)

	else  goto 71

state 62
	functioncall:  IDENTIFIER '(' ')' ';'.    (15)

	.  reduce 15 (src line 77)


state 63
	identifier:  IDENTIFIER ASSIGN expression ';'.    (17)

	.  reduce 17 (src line 85)


state 64
	boolexpression:  expression LT expression.    (24)
	expression:  expression.'+' expression 
	expression:  expression.'-' expression 
	expression:  expression.'*' expression 
	expression:  expression.'/' expression 

	'+'  shift 32
	'-'  shift 33
	'*'  shift 34
	'/'  shift 35
	.  reduce 24 (src line 102)


state 65
	boolexpression:  expression GT expression.    (25)
	expression:  expression.'+' expression 
	expression:  expression.'-' expression 
	expression:  expression.'*' expression 
	expression:  expression.'/' expression 

	'+'  shift 32
	'-'  shift 33
	'*'  shift 34
	'/'  shift 35
	.  reduce 25 (src line 104)


state 66
	boolexpression:  expression LE expression.    (26)
	expression:  expression.'+' expression 
	expression:  expression.'-' expression 
	expression:  expression.'*' expression 
	expression:  expression.'/' expression 

	'+'  shift 32
	'-'  shift 33
	'*'  shift 34
	'/'  shift 35
	.  reduce 26 (src line 105)


state 67
	boolexpression:  expression GE expression.    (27)
	expression:  expression.'+' expression 
	expression:  expression.'-' expression 
	expression:  expression.'*' expression 
	expression:  expression.'/' expression 

	'+'  shift 32
	'-'  shift 33
	'*'  shift 34
	'/'  shift 35
	.  reduce 27 (src line 106)


state 68
	boolexpression:  expression NE expression.    (28)
	expression:  expression.'+' expression 
	expression:  expression.'-' expression 
	expression:  expression.'*' expression 
	expression:  expression.'/' expression 

	'+'  shift 32
	'-'  shift 33
	'*'  shift 34
	'/'  shift 35
	.  reduce 28 (src line 107)


state 69
	boolexpression:  expression EQ expression.    (29)
	expression:  expression.'+' expression 
	expression:  expression.'-' expression 
	expression:  expression.'*' expression 
	expression:  expression.'/' expression 

	'+'  shift 32
	'-'  shift 33
	'*'  shift 34
	'/'  shift 35
	.  reduce 29 (src line 108)


state 70
	boolexpression:  '(' boolexpression ')'.    (30)

	.  reduce 30 (src line 109)


state 71
	if:  IF boolexpression closedstatements else.    (20)

	.  reduce 20 (src line 93)


state 72
	else:  ELSE.closedstatements 
	else:  ELSE.if 

	IF  shift 28
	'{'  shift 12
	.  error

	if  goto 74
	closedstatements  goto 73

state 73
	else:  ELSE closedstatements.    (22)

	.  reduce 22 (src line 98)


state 74
	else:  ELSE if.    (23)

	.  reduce 23 (src line 99)

Rule not reduced: identifier:  functioncall 

31 terminals, 14 nonterminals
40 grammar rules, 75/2000 states
9 shift/reduce, 10 reduce/reduce conflicts reported
63 working sets used
memory: parser 44/30000
35 extra closures
181 shift entries, 1 exceptions
38 goto entries
6 entries saved by goto default
Optimizer space used: output 137/30000
137 table entries, 13 zero
maximum spread: 31, maximum offset: 72
